Start testing: Jan 28 23:22 CST
----------------------------------------------------------
1/8 Testing: Runs
1/8 Test: Runs
Command: "/Users/koalayt/Study/Learning-Cpp/00_CMake_Tutorial/build/Hello" "25"
Directory: /Users/koalayt/Study/Learning-Cpp/00_CMake_Tutorial/build
"Runs" start time: Jan 28 23:22 CST
Output:
----------------------------------------------------------
hello, world
version: 2.3
Computing sqrt of 25 to be 13
Computing sqrt of 25 to be 7.46154
Computing sqrt of 25 to be 5.40603
Computing sqrt of 25 to be 5.01525
Computing sqrt of 25 to be 5.00002
Computing sqrt of 25 to be 5
Computing sqrt of 25 to be 5
Computing sqrt of 25 to be 5
Computing sqrt of 25 to be 5
Computing sqrt of 25 to be 5
The root of 25 is 5
<end of output>
Test time =   0.00 sec
----------------------------------------------------------
Test Passed.
"Runs" end time: Jan 28 23:22 CST
"Runs" time elapsed: 00:00:00
----------------------------------------------------------

2/8 Testing: Comp4
2/8 Test: Comp4
Command: "/Users/koalayt/Study/Learning-Cpp/00_CMake_Tutorial/build/Hello" "4"
Directory: /Users/koalayt/Study/Learning-Cpp/00_CMake_Tutorial/build
"Comp4" start time: Jan 28 23:22 CST
Output:
----------------------------------------------------------
hello, world
version: 2.3
Computing sqrt of 4 to be 2.5
Computing sqrt of 4 to be 2.05
Computing sqrt of 4 to be 2.00061
Computing sqrt of 4 to be 2
Computing sqrt of 4 to be 2
Computing sqrt of 4 to be 2
Computing sqrt of 4 to be 2
Computing sqrt of 4 to be 2
Computing sqrt of 4 to be 2
Computing sqrt of 4 to be 2
The root of 4 is 2
<end of output>
Test time =   0.00 sec
----------------------------------------------------------
Test Pass Reason:
Required regular expression found. Regex=[4 is 2]
"Comp4" end time: Jan 28 23:22 CST
"Comp4" time elapsed: 00:00:00
----------------------------------------------------------

3/8 Testing: Comp9
3/8 Test: Comp9
Command: "/Users/koalayt/Study/Learning-Cpp/00_CMake_Tutorial/build/Hello" "9"
Directory: /Users/koalayt/Study/Learning-Cpp/00_CMake_Tutorial/build
"Comp9" start time: Jan 28 23:22 CST
Output:
----------------------------------------------------------
hello, world
version: 2.3
Computing sqrt of 9 to be 5
Computing sqrt of 9 to be 3.4
Computing sqrt of 9 to be 3.02353
Computing sqrt of 9 to be 3.00009
Computing sqrt of 9 to be 3
Computing sqrt of 9 to be 3
Computing sqrt of 9 to be 3
Computing sqrt of 9 to be 3
Computing sqrt of 9 to be 3
Computing sqrt of 9 to be 3
The root of 9 is 3
<end of output>
Test time =   0.00 sec
----------------------------------------------------------
Test Pass Reason:
Required regular expression found. Regex=[9 is 3]
"Comp9" end time: Jan 28 23:22 CST
"Comp9" time elapsed: 00:00:00
----------------------------------------------------------

4/8 Testing: Comp5
4/8 Test: Comp5
Command: "/Users/koalayt/Study/Learning-Cpp/00_CMake_Tutorial/build/Hello" "5"
Directory: /Users/koalayt/Study/Learning-Cpp/00_CMake_Tutorial/build
"Comp5" start time: Jan 28 23:22 CST
Output:
----------------------------------------------------------
hello, world
version: 2.3
Computing sqrt of 5 to be 3
Computing sqrt of 5 to be 2.33333
Computing sqrt of 5 to be 2.2381
Computing sqrt of 5 to be 2.23607
Computing sqrt of 5 to be 2.23607
Computing sqrt of 5 to be 2.23607
Computing sqrt of 5 to be 2.23607
Computing sqrt of 5 to be 2.23607
Computing sqrt of 5 to be 2.23607
Computing sqrt of 5 to be 2.23607
The root of 5 is 2.23607
<end of output>
Test time =   0.00 sec
----------------------------------------------------------
Test Pass Reason:
Required regular expression found. Regex=[5 is 2.236]
"Comp5" end time: Jan 28 23:22 CST
"Comp5" time elapsed: 00:00:00
----------------------------------------------------------

5/8 Testing: Comp7
5/8 Test: Comp7
Command: "/Users/koalayt/Study/Learning-Cpp/00_CMake_Tutorial/build/Hello" "7"
Directory: /Users/koalayt/Study/Learning-Cpp/00_CMake_Tutorial/build
"Comp7" start time: Jan 28 23:22 CST
Output:
----------------------------------------------------------
hello, world
version: 2.3
Computing sqrt of 7 to be 4
Computing sqrt of 7 to be 2.875
Computing sqrt of 7 to be 2.65489
Computing sqrt of 7 to be 2.64577
Computing sqrt of 7 to be 2.64575
Computing sqrt of 7 to be 2.64575
Computing sqrt of 7 to be 2.64575
Computing sqrt of 7 to be 2.64575
Computing sqrt of 7 to be 2.64575
Computing sqrt of 7 to be 2.64575
The root of 7 is 2.64575
<end of output>
Test time =   0.00 sec
----------------------------------------------------------
Test Pass Reason:
Required regular expression found. Regex=[7 is 2.645]
"Comp7" end time: Jan 28 23:22 CST
"Comp7" time elapsed: 00:00:00
----------------------------------------------------------

6/8 Testing: Comp25
6/8 Test: Comp25
Command: "/Users/koalayt/Study/Learning-Cpp/00_CMake_Tutorial/build/Hello" "25"
Directory: /Users/koalayt/Study/Learning-Cpp/00_CMake_Tutorial/build
"Comp25" start time: Jan 28 23:22 CST
Output:
----------------------------------------------------------
hello, world
version: 2.3
Computing sqrt of 25 to be 13
Computing sqrt of 25 to be 7.46154
Computing sqrt of 25 to be 5.40603
Computing sqrt of 25 to be 5.01525
Computing sqrt of 25 to be 5.00002
Computing sqrt of 25 to be 5
Computing sqrt of 25 to be 5
Computing sqrt of 25 to be 5
Computing sqrt of 25 to be 5
Computing sqrt of 25 to be 5
The root of 25 is 5
<end of output>
Test time =   0.00 sec
----------------------------------------------------------
Test Pass Reason:
Required regular expression found. Regex=[25 is 5]
"Comp25" end time: Jan 28 23:22 CST
"Comp25" time elapsed: 00:00:00
----------------------------------------------------------

7/8 Testing: Comp-25
7/8 Test: Comp-25
Command: "/Users/koalayt/Study/Learning-Cpp/00_CMake_Tutorial/build/Hello" "-25"
Directory: /Users/koalayt/Study/Learning-Cpp/00_CMake_Tutorial/build
"Comp-25" start time: Jan 28 23:22 CST
Output:
----------------------------------------------------------
hello, world
version: 2.3
The root of -25 is 0
<end of output>
Test time =   0.00 sec
----------------------------------------------------------
Test Pass Reason:
Required regular expression found. Regex=[-25 is [-nan|nan|0]]
"Comp-25" end time: Jan 28 23:22 CST
"Comp-25" time elapsed: 00:00:00
----------------------------------------------------------

8/8 Testing: Comp0.0001
8/8 Test: Comp0.0001
Command: "/Users/koalayt/Study/Learning-Cpp/00_CMake_Tutorial/build/Hello" "0.0001"
Directory: /Users/koalayt/Study/Learning-Cpp/00_CMake_Tutorial/build
"Comp0.0001" start time: Jan 28 23:22 CST
Output:
----------------------------------------------------------
hello, world
version: 2.3
Computing sqrt of 0.0001 to be 0.50005
Computing sqrt of 0.0001 to be 0.250125
Computing sqrt of 0.0001 to be 0.125262
Computing sqrt of 0.0001 to be 0.0630304
Computing sqrt of 0.0001 to be 0.0323084
Computing sqrt of 0.0001 to be 0.0177018
Computing sqrt of 0.0001 to be 0.0116755
Computing sqrt of 0.0001 to be 0.0101202
Computing sqrt of 0.0001 to be 0.0100007
Computing sqrt of 0.0001 to be 0.01
The root of 0.0001 is 0.01
<end of output>
Test time =   0.00 sec
----------------------------------------------------------
Test Pass Reason:
Required regular expression found. Regex=[0.0001 is 0.01]
"Comp0.0001" end time: Jan 28 23:22 CST
"Comp0.0001" time elapsed: 00:00:00
----------------------------------------------------------

End testing: Jan 28 23:22 CST
